2024-03-04 01:42:49.459 [main] INFO  api.test.UserTest - **Post Method
2024-03-04 01:42:53.231 [main] INFO  api.test.UserTest - **Post Method done
2024-03-04 01:42:53.236 [main] INFO  api.test.UserTest - **get Method
2024-03-04 01:42:54.767 [main] INFO  api.test.UserTest - **Get Method Done
2024-03-04 01:42:54.772 [main] INFO  api.test.UserTest - **Put Method
2024-03-04 01:42:56.036 [main] INFO  api.test.UserTest - **Put Method Done
2024-03-04 01:42:56.038 [main] INFO  api.test.UserTest - **delete Method
2024-03-04 01:42:57.628 [main] INFO  api.test.UserTest - **delete Method done
2024-03-04 01:54:28.080 [main] INFO  api.test.UserTest - **Post Method
2024-03-04 01:54:31.481 [main] INFO  api.test.UserTest - **Post Method done
2024-03-04 01:54:31.485 [main] INFO  api.test.UserTest - **get Method
2024-03-04 01:54:33.116 [main] INFO  api.test.UserTest - **Get Method Done
2024-03-04 01:54:33.120 [main] INFO  api.test.UserTest - **Put Method
2024-03-04 01:54:34.648 [main] INFO  api.test.UserTest - **Put Method Done
2024-03-04 01:54:34.652 [main] INFO  api.test.UserTest - **delete Method
2024-03-04 01:54:36.184 [main] INFO  api.test.UserTest - **delete Method done
2024-03-04 02:18:33.270 [main] INFO  api.test.UserTest - **Post Method
2024-03-04 02:18:36.663 [main] INFO  api.test.UserTest - **Post Method done
2024-03-04 02:18:36.669 [main] INFO  api.test.UserTest - **get Method
2024-03-04 02:18:38.145 [main] INFO  api.test.UserTest - **Get Method Done
2024-03-04 02:18:38.149 [main] INFO  api.test.UserTest - **Put Method
2024-03-04 02:18:39.536 [main] INFO  api.test.UserTest - **Put Method Done
2024-03-04 02:18:39.541 [main] INFO  api.test.UserTest - **delete Method
2024-03-04 02:18:40.995 [main] INFO  api.test.UserTest - **delete Method done
2024-03-04 18:01:07.724 [main] INFO  api.test.UserTest - **Post Method
2024-03-04 18:01:13.592 [main] INFO  api.test.UserTest - **Post Method done
2024-03-04 18:01:13.608 [main] INFO  api.test.UserTest - **get Method
2024-03-04 18:01:15.204 [main] INFO  api.test.UserTest - **Get Method Done
2024-03-04 18:01:15.213 [main] INFO  api.test.UserTest - **Put Method
2024-03-04 18:01:16.741 [main] INFO  api.test.UserTest - **Put Method Done
2024-03-04 18:01:16.745 [main] INFO  api.test.UserTest - **delete Method
2024-03-04 18:01:18.172 [main] INFO  api.test.UserTest - **delete Method done
